<?xml version="1.0" encoding="UTF-8"?>
<testng-results ignored="0" total="1" passed="1" failed="0" skipped="0">
  <reporter-output>
  </reporter-output>
  <suite started-at="2026-01-15T18:00:25 IST" name="Default suite" finished-at="2026-01-15T18:00:30 IST" duration-ms="4880">
    <groups>
    </groups>
    <test started-at="2026-01-15T18:00:25 IST" name="Default test" finished-at="2026-01-15T18:00:30 IST" duration-ms="4880">
      <class name="apitest.UpdateProfileServiceTest">
        <test-method signature="UpdateProfileTest()[pri:0, instance:apitest.UpdateProfileServiceTest@5158b42f]" started-at="2026-01-15T18:00:25 IST" name="UpdateProfileTest" finished-at="2026-01-15T18:00:30 IST" duration-ms="4799" status="PASS">
          <reporter-output>
          </reporter-output>
        </test-method> <!-- UpdateProfileTest -->
      </class> <!-- apitest.UpdateProfileServiceTest -->
    </test> <!-- Default test -->
  </suite> <!-- Default suite -->
</testng-results>
